# JRE version: OpenJDK Runtime Environment Temurin-17.0.2+8 (17.0.2+8) (build 17.0.2+8)
# Java VM: OpenJDK 64-Bit Server VM Temurin-17.0.2+8 (17.0.2+8, mixed mode, emulated-client, tiered, compressed oops, compressed class ptrs, g1 gc, bsd-amd64)
GC Precious Log:
 CPUs: 4 total, 4 available
 Memory: 4096M
 Large Page Support: Disabled
 NUMA Support: Disabled
 Compressed Oops: Enabled (Zero based)
 Heap Region Size: 1M
 Heap Min Capacity: 8M
 Heap Initial Capacity: 64M
 Heap Max Capacity: 1G
 Pre-touch: Disabled
 Parallel Workers: 4
 Concurrent Workers: 1
 Concurrent Refinement Workers: 4
 Periodic GC: Disabled
Heap:
 garbage-first heap   total 80896K, used 22477K [0x00000007c0000000, 0x0000000800000000)
  region size 1024K, 12 young (12288K), 2 survivors (2048K)
 Metaspace       used 30800K, committed 31104K, reserved 1081344K
  class space    used 3781K, committed 3904K, reserved 1048576K
GC Heap History (18 events):
Event: 6.518 GC heap before
{Heap before GC invocations=0 (full 0):
 garbage-first heap   total 65536K, used 13312K [0x00000007c0000000, 0x0000000800000000)
  region size 1024K, 13 young (13312K), 0 survivors (0K)
 Metaspace       used 13478K, committed 13632K, reserved 1064960K
  class space    used 1388K, committed 1472K, reserved 1048576K
}
Event: 6.526 GC heap after
{Heap after GC invocations=1 (full 0):
 garbage-first heap   total 65536K, used 6760K [0x00000007c0000000, 0x0000000800000000)
  region size 1024K, 2 young (2048K), 2 survivors (2048K)
 Metaspace       used 13478K, committed 13632K, reserved 1064960K
  class space    used 1388K, committed 1472K, reserved 1048576K
}
Event: 6.844 GC heap before
{Heap before GC invocations=1 (full 0):
 garbage-first heap   total 65536K, used 13928K [0x00000007c0000000, 0x0000000800000000)
  region size 1024K, 10 young (10240K), 2 survivors (2048K)
 Metaspace       used 15441K, committed 15616K, reserved 1064960K
  class space    used 1653K, committed 1728K, reserved 1048576K
}
Event: 6.850 GC heap after
{Heap after GC invocations=2 (full 0):
 garbage-first heap   total 65536K, used 7583K [0x00000007c0000000, 0x0000000800000000)
  region size 1024K, 1 young (1024K), 1 survivors (1024K)
 Metaspace       used 15441K, committed 15616K, reserved 1064960K
  class space    used 1653K, committed 1728K, reserved 1048576K
}
Event: 7.394 GC heap before
{Heap before GC invocations=2 (full 0):
 garbage-first heap   total 65536K, used 28063K [0x00000007c0000000, 0x0000000800000000)
  region size 1024K, 21 young (21504K), 1 survivors (1024K)
 Metaspace       used 20709K, committed 20928K, reserved 1073152K
  class space    used 2376K, committed 2496K, reserved 1048576K
}
Event: 7.399 GC heap after
{Heap after GC invocations=3 (full 0):
 garbage-first heap   total 65536K, used 8852K [0x00000007c0000000, 0x0000000800000000)
  region size 1024K, 3 young (3072K), 3 survivors (3072K)
 Metaspace       used 20709K, committed 20928K, reserved 1073152K
  class space    used 2376K, committed 2496K, reserved 1048576K
}
Event: 7.436 GC heap before
{Heap before GC invocations=3 (full 0):
 garbage-first heap   total 65536K, used 10900K [0x00000007c0000000, 0x0000000800000000)
  region size 1024K, 6 young (6144K), 3 survivors (3072K)
 Metaspace       used 21273K, committed 21504K, reserved 1073152K
  class space    used 2445K, committed 2560K, reserved 1048576K
}
Event: 7.440 GC heap after
{Heap after GC invocations=4 (full 0):
 garbage-first heap   total 65536K, used 8907K [0x00000007c0000000, 0x0000000800000000)
  region size 1024K, 3 young (3072K), 3 survivors (3072K)
 Metaspace       used 21273K, committed 21504K, reserved 1073152K
  class space    used 2445K, committed 2560K, reserved 1048576K
}
Event: 7.939 GC heap before
{Heap before GC invocations=5 (full 0):
 garbage-first heap   total 40960K, used 29387K [0x00000007c0000000, 0x0000000800000000)
  region size 1024K, 25 young (25600K), 3 survivors (3072K)
 Metaspace       used 25835K, committed 26048K, reserved 1073152K
  class space    used 3061K, committed 3136K, reserved 1048576K
}
Event: 7.947 GC heap after
{Heap after GC invocations=6 (full 0):
 garbage-first heap   total 40960K, used 10568K [0x00000007c0000000, 0x0000000800000000)
  region size 1024K, 4 young (4096K), 4 survivors (4096K)
 Metaspace       used 25835K, committed 26048K, reserved 1073152K
  class space    used 3061K, committed 3136K, reserved 1048576K
}
Event: 7.973 GC heap before
{Heap before GC invocations=6 (full 0):
 garbage-first heap   total 40960K, used 11592K [0x00000007c0000000, 0x0000000800000000)
  region size 1024K, 5 young (5120K), 4 survivors (4096K)
 Metaspace       used 25918K, committed 26176K, reserved 1073152K
  class space    used 3078K, committed 3200K, reserved 1048576K
}
Event: 7.983 GC heap after
{Heap after GC invocations=7 (full 0):
 garbage-first heap   total 40960K, used 10785K [0x00000007c0000000, 0x0000000800000000)
  region size 1024K, 1 young (1024K), 1 survivors (1024K)
 Metaspace       used 25918K, committed 26176K, reserved 1073152K
  class space    used 3078K, committed 3200K, reserved 1048576K
}
Event: 8.385 GC heap before
{Heap before GC invocations=7 (full 0):
 garbage-first heap   total 40960K, used 27169K [0x00000007c0000000, 0x0000000800000000)
  region size 1024K, 18 young (18432K), 1 survivors (1024K)
 Metaspace       used 26558K, committed 26816K, reserved 1073152K
  class space    used 3185K, committed 3328K, reserved 1048576K
}
Event: 8.389 GC heap after
{Heap after GC invocations=8 (full 0):
 garbage-first heap   total 40960K, used 11429K [0x00000007c0000000, 0x0000000800000000)
  region size 1024K, 2 young (2048K), 2 survivors (2048K)
 Metaspace       used 26558K, committed 26816K, reserved 1073152K
  class space    used 3185K, committed 3328K, reserved 1048576K
}
Event: 8.545 GC heap before
{Heap before GC invocations=9 (full 0):
 garbage-first heap   total 40960K, used 28837K [0x00000007c0000000, 0x0000000800000000)
  region size 1024K, 19 young (19456K), 2 survivors (2048K)
 Metaspace       used 26872K, committed 27072K, reserved 1073152K
  class space    used 3233K, committed 3328K, reserved 1048576K
}
Event: 8.549 GC heap after
{Heap after GC invocations=10 (full 0):
 garbage-first heap   total 40960K, used 12033K [0x00000007c0000000, 0x0000000800000000)
  region size 1024K, 2 young (2048K), 2 survivors (2048K)
 Metaspace       used 26872K, committed 27072K, reserved 1073152K
  class space    used 3233K, committed 3328K, reserved 1048576K
}
Event: 9.026 GC heap before
{Heap before GC invocations=10 (full 0):
 garbage-first heap   total 40960K, used 30465K [0x00000007c0000000, 0x0000000800000000)
  region size 1024K, 20 young (20480K), 2 survivors (2048K)
 Metaspace       used 29452K, committed 29696K, reserved 1081344K
  class space    used 3593K, committed 3712K, reserved 1048576K
}
Event: 9.033 GC heap after
{Heap after GC invocations=11 (full 0):
 garbage-first heap   total 80896K, used 13261K [0x00000007c0000000, 0x0000000800000000)
  region size 1024K, 2 young (2048K), 2 survivors (2048K)
 Metaspace       used 29452K, committed 29696K, reserved 1081344K
  class space    used 3593K, committed 3712K, reserved 1048576K
}

