# JRE version: OpenJDK Runtime Environment Temurin-17.0.2+8 (17.0.2+8) (build 17.0.2+8)
# Java VM: OpenJDK 64-Bit Server VM Temurin-17.0.2+8 (17.0.2+8, mixed mode, tiered, compressed oops, compressed class ptrs, g1 gc, bsd-amd64)
GC Precious Log:
 CPUs: 4 total, 4 available
 Memory: 4096M
 Large Page Support: Disabled
 NUMA Support: Disabled
 Compressed Oops: Enabled (Zero based)
 Heap Region Size: 1M
 Heap Min Capacity: 8M
 Heap Initial Capacity: 64M
 Heap Max Capacity: 1G
 Pre-touch: Disabled
 Parallel Workers: 4
 Concurrent Workers: 1
 Concurrent Refinement Workers: 4
 Periodic GC: Disabled
Heap:
 garbage-first heap   total 118784K, used 91154K [0x00000007c0000000, 0x0000000800000000)
  region size 1024K, 60 young (61440K), 7 survivors (7168K)
 Metaspace       used 33451K, committed 33792K, reserved 1081344K
  class space    used 3608K, committed 3776K, reserved 1048576K
GC Heap History (20 events):
Event: 3.243 GC heap after
{Heap after GC invocations=3 (full 0):
 garbage-first heap   total 65536K, used 7057K [0x00000007c0000000, 0x0000000800000000)
  region size 1024K, 5 young (5120K), 5 survivors (5120K)
 Metaspace       used 19766K, committed 19968K, reserved 1073152K
  class space    used 2122K, committed 2240K, reserved 1048576K
}
Event: 3.981 GC heap before
{Heap before GC invocations=3 (full 0):
 garbage-first heap   total 65536K, used 40849K [0x00000007c0000000, 0x0000000800000000)
  region size 1024K, 38 young (38912K), 5 survivors (5120K)
 Metaspace       used 20386K, committed 20608K, reserved 1073152K
  class space    used 2164K, committed 2304K, reserved 1048576K
}
Event: 3.997 GC heap after
{Heap after GC invocations=4 (full 0):
 garbage-first heap   total 65536K, used 10992K [0x00000007c0000000, 0x0000000800000000)
  region size 1024K, 4 young (4096K), 4 survivors (4096K)
 Metaspace       used 20386K, committed 20608K, reserved 1073152K
  class space    used 2164K, committed 2304K, reserved 1048576K
}
Event: 4.590 GC heap before
{Heap before GC invocations=4 (full 0):
 garbage-first heap   total 65536K, used 44784K [0x00000007c0000000, 0x0000000800000000)
  region size 1024K, 37 young (37888K), 4 survivors (4096K)
 Metaspace       used 20917K, committed 21120K, reserved 1073152K
  class space    used 2183K, committed 2304K, reserved 1048576K
}
Event: 4.599 GC heap after
{Heap after GC invocations=5 (full 0):
 garbage-first heap   total 65536K, used 12549K [0x00000007c0000000, 0x0000000800000000)
  region size 1024K, 3 young (3072K), 3 survivors (3072K)
 Metaspace       used 20917K, committed 21120K, reserved 1073152K
  class space    used 2183K, committed 2304K, reserved 1048576K
}
Event: 4.793 GC heap before
{Heap before GC invocations=5 (full 0):
 garbage-first heap   total 65536K, used 23813K [0x00000007c0000000, 0x0000000800000000)
  region size 1024K, 15 young (15360K), 3 survivors (3072K)
 Metaspace       used 21329K, committed 21504K, reserved 1073152K
  class space    used 2225K, committed 2368K, reserved 1048576K
}
Event: 4.798 GC heap after
{Heap after GC invocations=6 (full 0):
 garbage-first heap   total 78848K, used 13110K [0x00000007c0000000, 0x0000000800000000)
  region size 1024K, 3 young (3072K), 3 survivors (3072K)
 Metaspace       used 21329K, committed 21504K, reserved 1073152K
  class space    used 2225K, committed 2368K, reserved 1048576K
}
Event: 4.920 GC heap before
{Heap before GC invocations=7 (full 0):
 garbage-first heap   total 51200K, used 35638K [0x00000007c0000000, 0x0000000800000000)
  region size 1024K, 6 young (6144K), 3 survivors (3072K)
 Metaspace       used 21947K, committed 22144K, reserved 1073152K
  class space    used 2287K, committed 2368K, reserved 1048576K
}
Event: 4.929 GC heap after
{Heap after GC invocations=8 (full 0):
 garbage-first heap   total 51200K, used 33959K [0x00000007c0000000, 0x0000000800000000)
  region size 1024K, 4 young (4096K), 4 survivors (4096K)
 Metaspace       used 21947K, committed 22144K, reserved 1073152K
  class space    used 2287K, committed 2368K, reserved 1048576K
}
Event: 4.963 GC heap before
{Heap before GC invocations=8 (full 0):
 garbage-first heap   total 59392K, used 47271K [0x00000007c0000000, 0x0000000800000000)
  region size 1024K, 5 young (5120K), 4 survivors (4096K)
 Metaspace       used 22028K, committed 22208K, reserved 1073152K
  class space    used 2299K, committed 2368K, reserved 1048576K
}
Event: 4.971 GC heap after
{Heap after GC invocations=9 (full 0):
 garbage-first heap   total 59392K, used 13065K [0x00000007c0000000, 0x0000000800000000)
  region size 1024K, 1 young (1024K), 1 survivors (1024K)
 Metaspace       used 22028K, committed 22208K, reserved 1073152K
  class space    used 2299K, committed 2368K, reserved 1048576K
}
Event: 5.924 GC heap before
{Heap before GC invocations=9 (full 0):
 garbage-first heap   total 59392K, used 43785K [0x00000007c0000000, 0x0000000800000000)
  region size 1024K, 31 young (31744K), 1 survivors (1024K)
 Metaspace       used 26893K, committed 27136K, reserved 1081344K
  class space    used 2903K, committed 3008K, reserved 1048576K
}
Event: 5.930 GC heap after
{Heap after GC invocations=10 (full 0):
 garbage-first heap   total 59392K, used 14227K [0x00000007c0000000, 0x0000000800000000)
  region size 1024K, 2 young (2048K), 2 survivors (2048K)
 Metaspace       used 26893K, committed 27136K, reserved 1081344K
  class space    used 2903K, committed 3008K, reserved 1048576K
}
Event: 6.576 GC heap before
{Heap before GC invocations=10 (full 0):
 garbage-first heap   total 59392K, used 45971K [0x00000007c0000000, 0x0000000800000000)
  region size 1024K, 32 young (32768K), 2 survivors (2048K)
 Metaspace       used 30764K, committed 31040K, reserved 1081344K
  class space    used 3307K, committed 3392K, reserved 1048576K
}
Event: 6.587 GC heap after
{Heap after GC invocations=11 (full 0):
 garbage-first heap   total 59392K, used 25280K [0x00000007c0000000, 0x0000000800000000)
  region size 1024K, 4 young (4096K), 4 survivors (4096K)
 Metaspace       used 30764K, committed 31040K, reserved 1081344K
  class space    used 3307K, committed 3392K, reserved 1048576K
}
Event: 6.933 GC heap before
{Heap before GC invocations=11 (full 0):
 garbage-first heap   total 59392K, used 42688K [0x00000007c0000000, 0x0000000800000000)
  region size 1024K, 22 young (22528K), 4 survivors (4096K)
 Metaspace       used 31093K, committed 31360K, reserved 1081344K
  class space    used 3347K, committed 3520K, reserved 1048576K
}
Event: 6.944 GC heap after
{Heap after GC invocations=12 (full 0):
 garbage-first heap   total 59392K, used 30091K [0x00000007c0000000, 0x0000000800000000)
  region size 1024K, 3 young (3072K), 3 survivors (3072K)
 Metaspace       used 31093K, committed 31360K, reserved 1081344K
  class space    used 3347K, committed 3520K, reserved 1048576K
}
Event: 7.193 GC heap before
{Heap before GC invocations=12 (full 0):
 garbage-first heap   total 59392K, used 43403K [0x00000007c0000000, 0x0000000800000000)
  region size 1024K, 17 young (17408K), 3 survivors (3072K)
 Metaspace       used 32154K, committed 32384K, reserved 1081344K
  class space    used 3463K, committed 3584K, reserved 1048576K
}
Event: 7.204 GC heap after
{Heap after GC invocations=13 (full 0):
 garbage-first heap   total 118784K, used 32786K [0x00000007c0000000, 0x0000000800000000)
  region size 1024K, 3 young (3072K), 3 survivors (3072K)
 Metaspace       used 32154K, committed 32384K, reserved 1081344K
  class space    used 3463K, committed 3584K, reserved 1048576K
}
Event: 7.997 GC heap before
{Heap before GC invocations=14 (full 0):
 garbage-first heap   total 118784K, used 91154K [0x00000007c0000000, 0x0000000800000000)
  region size 1024K, 56 young (57344K), 3 survivors (3072K)
 Metaspace       used 33451K, committed 33792K, reserved 1081344K
  class space    used 3608K, committed 3776K, reserved 1048576K
}

